<?xml version="1.0" encoding="UTF-8"?>
<!-- Generated by org.testng.reporters.JUnitXMLReporter -->
<testsuite hostname="DESKTOP-6FBTPP8" ignored="0" name="Default test" tests="11" failures="0" timestamp="20 Apr 2021 02:38:47 GMT" time="77.526" errors="0">
  <testcase name="verifyProfilePageTitle" time="0.017" classname="com.wordpress.tests.MyProfilepageTests"/>
  <testcase name="verifyProfilePageHeader" time="2.771" classname="com.wordpress.tests.MyProfilepageTests"/>
  <testcase name="verifyYourProfileLink" time="2.953" classname="com.wordpress.tests.MyProfilepageTests"/>
  <testcase name="verifyMoreInformationEmailAddress" time="2.758" classname="com.wordpress.tests.MyProfilepageTests"/>
  <testcase name="verifyPublicDisplayName" time="2.933" classname="com.wordpress.tests.MyProfilepageTests"/>
  <testcase name="verifySaveProfileDetailsButtonIsDisabled" time="0.034" classname="com.wordpress.tests.MyProfilepageTests"/>
  <testcase name="verifySaveProfileDetailsSuccessMessage" time="3.878" classname="com.wordpress.tests.MyProfilepageTests"/>
  <testcase name="verifyAddWordPressSite" time="1.763" classname="com.wordpress.tests.MyProfilepageTests"/>
  <testcase name="verifyCancelProfileLinks" time="1.993" classname="com.wordpress.tests.MyProfilepageTests"/>
  <testcase name="verifyAddUrl" time="2.747" classname="com.wordpress.tests.MyProfilepageTests"/>
  <testcase name="verifyHelpSearchResults" time="2.839" classname="com.wordpress.tests.MyProfilepageTests"/>
</testsuite> <!-- Default test -->
