<?xml version="1.0" encoding="UTF-8"?>
<!-- Generated by org.testng.reporters.JUnitXMLReporter -->
<testsuite hostname="DESKTOP-6FBTPP8" ignored="0" name="Test" tests="11" failures="0" timestamp="21 Apr 2021 01:13:54 GMT" time="86.315" errors="0">
  <testcase name="verifyProfilePageTitle" time="0.037" classname="com.wordpress.tests.MyProfilepageTests"/>
  <testcase name="verifyProfilePageHeader" time="2.119" classname="com.wordpress.tests.MyProfilepageTests"/>
  <testcase name="verifyYourProfileLink" time="3.615" classname="com.wordpress.tests.MyProfilepageTests"/>
  <testcase name="verifyMoreInformationEmailAddress" time="3.105" classname="com.wordpress.tests.MyProfilepageTests"/>
  <testcase name="verifyPublicDisplayName" time="2.083" classname="com.wordpress.tests.MyProfilepageTests"/>
  <testcase name="verifySaveProfileDetailsButtonIsDisabled" time="0.062" classname="com.wordpress.tests.MyProfilepageTests"/>
  <testcase name="verifySaveProfileDetailsSuccessMessage" time="4.051" classname="com.wordpress.tests.MyProfilepageTests"/>
  <testcase name="verifyAddWordPressSite" time="2.745" classname="com.wordpress.tests.MyProfilepageTests"/>
  <testcase name="verifyCancelProfileLinks" time="2.533" classname="com.wordpress.tests.MyProfilepageTests"/>
  <testcase name="verifyAddUrl" time="2.9" classname="com.wordpress.tests.MyProfilepageTests"/>
  <testcase name="verifyHelpSearchResults" time="4.205" classname="com.wordpress.tests.MyProfilepageTests"/>
</testsuite> <!-- Test -->
